
path_to_file(13,16): error TS7005: Variable 'result' implicitly has an 'any[]' type.
path_to_file(17,10): error TS7005: Variable 'result' implicitly has an 'any[]' type.
path_to_file(7,28): error TS7006: Parameter 'text' implicitly has an 'any' type.
path_to_file(21,42): error TS7006: Parameter 'text' implicitly has an 'any' type.
path_to_file(11,26): error TS7006: Parameter 'iterable' implicitly has an 'any' type.
path_to_file(11,36): error TS7006: Parameter 'value' implicitly has an 'any' type.
path_to_file(24,25): error TS7006: Parameter 'value' implicitly has an 'any' type.
path_to_file(35,38): error TS7006: Parameter 'element' implicitly has an 'any' type.
path_to_file(38,46): error TS2345: Argument of type 'unknown' is not assignable to parameter of type 'Element'.
path_to_file(8,33): error TS7006: Parameter 'min' implicitly has an 'any' type.
path_to_file(8,38): error TS7006: Parameter 'max' implicitly has an 'any' type.
path_to_file(18,31): error TS7006: Parameter 'value' implicitly has an 'any' type.
path_to_file(26,27): error TS7006: Parameter 'value' implicitly has an 'any' type.
path_to_file(229,14): error TS2571: Object is of type 'unknown'.
path_to_file(308,25): error TS7006: Parameter 'e' implicitly has an 'any' type.
path_to_file(325,25): error TS7006: Parameter 'newValue' implicitly has an 'any' type.
path_to_file(331,19): error TS7006: Parameter 'item' implicitly has an 'any' type.
path_to_file(337,20): error TS7031: Binding element 'action' implicitly has an 'any' type.
path_to_file(337,30): error TS7006: Parameter 'item' implicitly has an 'any' type.
path_to_file(65,16): error TS7006: Parameter 'story' implicitly has an 'any' type.
path_to_file(81,19): error TS7006: Parameter 'event' implicitly has an 'any' type.
path_to_file(26,16): error TS18046: 'group' is of type 'unknown'.
path_to_file(30,37): error TS18046: 'group' is of type 'unknown'.
path_to_file(35,48): error TS18046: 'group' is of type 'unknown'.
path_to_file(44,46): error TS18046: 'group' is of type 'unknown'.
path_to_file(51,41): error TS18046: 'group' is of type 'unknown'.
path_to_file(110,26): error TS2307: Cannot find module './SelectOption' or its corresponding type declarations.
path_to_file(184,14): error TS2571: Object is of type 'unknown'.
path_to_file(187,48): error TS18046: 'item' is of type 'unknown'.
path_to_file(190,49): error TS18046: 'item' is of type 'unknown'.
path_to_file(196,17): error TS2339: Property 'group' does not exist on type '{}'.
path_to_file(196,41): error TS2339: Property 'items' does not exist on type '{}'.
path_to_file(5,10): error TS2345: Argument of type '{ "data-testid": string; style: { borderColor: string | false; borderWidth: string | false; }; class: string; }' is not assignable to parameter of type 'HTMLAttributes & ReservedProps & Record<string, unknown>'.
  Type '{ "data-testid": string; style: { borderColor: string | false; borderWidth: string | false; }; class: string; }' is not assignable to type 'HTMLAttributes'.
    Types of property 'style' are incompatible.
      Type '{ borderColor: string | false; borderWidth: string | false; }' is not assignable to type 'StyleValue'.
        Type '{ borderColor: string | false; borderWidth: string | false; }' is not assignable to type 'CSSProperties'.
          Types of property 'borderColor' are incompatible.
            Type 'string | false' is not assignable to type 'BorderColor | undefined'.
              Type 'false' is not assignable to type 'BorderColor | undefined'.
path_to_file(172,7): error TS2531: Object is possibly 'null'.
path_to_file(177,25): error TS7006: Parameter 'e' implicitly has an 'any' type.
path_to_file(206,11): error TS2531: Object is possibly 'null'.
path_to_file(220,11): error TS2531: Object is possibly 'null'.
path_to_file(230,7): error TS2531: Object is possibly 'null'.
path_to_file(233,15): error TS7006: Parameter 'event' implicitly has an 'any' type.
path_to_file(239,31): error TS2554: Expected 0 arguments, but got 1.
path_to_file(25,38): error TS2339: Property 'name' does not exist on type 'never'.
path_to_file(30,20): error TS7006: Parameter '$value' implicitly has an 'any' type.
path_to_file(34,38): error TS2339: Property 'value' does not exist on type 'never'.
path_to_file(39,20): error TS7006: Parameter '$value' implicitly has an 'any' type.
path_to_file(171,17): error TS2345: Argument of type '{ _uid: string; value: string; name: string; }' is not assignable to parameter of type 'never'.
path_to_file(176,24): error TS7006: Parameter 'index' implicitly has an 'any' type.
path_to_file(184,30): error TS7006: Parameter 'optionIndex' implicitly has an 'any' type.
path_to_file(184,43): error TS7006: Parameter 'event' implicitly has an 'any' type.
path_to_file(192,21): error TS7006: Parameter 'key' implicitly has an 'any' type.
path_to_file(192,26): error TS7006: Parameter 'index' implicitly has an 'any' type.
path_to_file(192,33): error TS7006: Parameter 'value' implicitly has an 'any' type.
path_to_file(195,7): error TS2322: Type 'any' is not assignable to type 'never'.
path_to_file(200,25): error TS7006: Parameter 'value' implicitly has an 'any' type.
path_to_file(204,22): error TS7006: Parameter 'value' implicitly has an 'any' type.
path_to_file(214,27): error TS7006: Parameter 'value' implicitly has an 'any' type.
